Filename not provided, using default ./data/osnma-capture.csv
Public key directory not provided, using default ./osnma-keys
Loaded Public Key - ID: 2, Size: 256 bits, Curve NIST P-256

--------------------

{7: {'header': -> PRN: 26
  -> WN: 1178
  -> TOW: 401201
  -> TOW: WN: 1178, TOW: 401201
  -> HKROOT:
    -> NMA Status: Test
    -> Chain Status: Nominal
    -> Chain ID: 1
    -> Reserved: 0
    -> DSM ID: 7
    -> DSM Block ID: 0
    -> Nb. of Blocks (NB): 8
    -> Public Key ID (PKID): 2
    -> Chain ID of KROOT (CIDKR): 1
    -> Hash Function (HF): SHA-256
    -> MAC Function (MF): HMAC-SHA-256
    -> Key Size (KS): 128
    -> MAC Size (TS): 40
    -> MAC Look-up Table (MACLT): 33
    -> WNK: 1178
    -> TOWHK: 110
    -> TOWK: 396000
    -> GST_0: WN: 1178, TOW: 396000
    -> GST_SF_K: WN: 1178, TOW: 395970
    -> Alpha(random): 001001011101001110010110010011011010001110100010
  -> MACK messages: 
    -> Tag_0: 0x11c10bfbc0
    -> MACSEQ: 111111111111
    -> Reserved: 0011
    -> Tag&Info
      -> Tag: 0xdfe49bf2ea; Info: 0001010100000011
      -> Tag: 0xa193ce0abe; Info: 0010000100000101
      -> Tag: 0x7cade708bc; Info: 0001101011000011
      -> Tag: 0x26f412907f; Info: 0001001000000000
      -> Tag: 0xea85022be6; Info: 0000100111000010
    -> TESLA Key: 0xfc97b6fd8fddeff394c1a1edb4f88234, NOT verified
    -> Padding: 0000000000000000,
     'DSMs': ['00100010010100000100100100100001000001001001101001101110001001011101001110010110010011011010001110100010',
              '10110110100000000111010101100110000110010110110010000011011010101110100000000101000100101001011101111000',
              None,
              None,
              None,
              '00101110000001010110011001011100100111111000000000101111010101011010011100011010111011101001011111101111',
              '01101011000001010100011010101100010101001110000000111011111111000111100011001111101011100000111010101100',
              '10100110011010101101101110011100110001001001010000111101000001100100100110110010010101111101010101010000'],
     'complete': False},
 8: {'header': -> PRN: 26
  -> WN: 1178
  -> TOW: 401441
  -> TOW: WN: 1178, TOW: 401441
  -> HKROOT:
    -> NMA Status: Test
    -> Chain Status: Nominal
    -> Chain ID: 1
    -> Reserved: 0
    -> DSM ID: 8
    -> DSM Block ID: 0
    -> Nb. of Blocks (NB): 8
    -> Public Key ID (PKID): 2
    -> Chain ID of KROOT (CIDKR): 1
    -> Hash Function (HF): SHA-256
    -> MAC Function (MF): HMAC-SHA-256
    -> Key Size (KS): 128
    -> MAC Size (TS): 40
    -> MAC Look-up Table (MACLT): 33
    -> WNK: 1178
    -> TOWHK: 111
    -> TOWK: 399600
    -> GST_0: WN: 1178, TOW: 399600
    -> GST_SF_K: WN: 1178, TOW: 399570
    -> Alpha(random): 001001011101001110010110010011011010001110100010
  -> MACK messages: 
    -> Tag_0: 0x792019bb62
    -> MACSEQ: 110101101000
    -> Reserved: 0011
    -> Tag&Info
      -> Tag: 0xc3388ed086; Info: 0001010100000011
      -> Tag: 0x5ddf4ee60; Info: 0010000100000101
      -> Tag: 0xf2c12a0895; Info: 0001101011000011
      -> Tag: 0xbac00fd665; Info: 0001001000000000
      -> Tag: 0xd2b9544ce7; Info: 0000010111000011
    -> TESLA Key: 0xbd7941f5db9aa176a021a5dad8845b15, NOT verified
    -> Padding: 0000000000000000,
     'DSMs': ['00100010010100000100100100100001000001001001101001101111001001011101001110010110010011011010001110100010',
              '11010100100110011010110111101000001100110010101000000111001100010001011011110101001100100010100010111111',
              '00011110111101101000010001000110011101000001000011001011100111101000111100010000000101010001101011110010',
              '10101001100100110101101000001101000101000101100011000101111011001010011000011001001001111110101100100100',
              '01011101000110001101011101101010000011101111010001110010000100001111110111010001010100100101001100100001',
              '11001010110100100111001001100111010001111011010001101000100001100010000000001011001101100101001000100101',
              '11110011000011011111001000101001100110010111111111000001110111001111100001010010011101101011101101100011',
              '01011111101101011001101111000000010100100000100111011010001010111010001010100101100110100110101100001010'],
     'complete': True}}

--------------------

DSM-PKR Verification:

--------------------

DSM-KROOT Verification:

M(232 bits): 0x52504921049a6f25d3964da3a2d499ade8332a073116f53228bf1ef684
Sig(512 bits): 0x467410cb9e8f10151af2a9935a0d1458c5eca61927eb245d18d76a0ef47210fdd1525321cad2726747b46886200b365225f30df229997fc1dcf85276bb635fb5
Root key(128 bits): 0xd499ade8332a073116f53228bf1ef684
Pad(88 bits): 0x9bc05209da2ba2a59a6b0a
T(88 bits): 0x9bc05209da2ba2a59a6b0a
Pad == T? True
Signature Correct? True

--------------------

TESLA Key Verification:

Missing TESLA key, attempting to repair
Key index: 51
CID: 1
KEY 050: 715f1725d4b598321a815b79d6084a3649a61eae25d3964da3a2, b5a2c37e6ecf1d5f4c7c4f31c9892405 =? d499ade8332a073116f53228bf1ef684, WN: 1178, TOW: 401070
KEY 049: b5a2c37e6ecf1d5f4c7c4f31c989240549a61e9025d3964da3a2, 12670e25e398364722d1acb00ad73789 =? d499ade8332a073116f53228bf1ef684, WN: 1178, TOW: 401040
KEY 048: 12670e25e398364722d1acb00ad7378949a61e7225d3964da3a2, ac70e275e9afe92b05851a647f532372 =? d499ade8332a073116f53228bf1ef684, WN: 1178, TOW: 401010
KEY 047: ac70e275e9afe92b05851a647f53237249a61e5425d3964da3a2, 18741969b31d44d5ca4e01018bab4138 =? d499ade8332a073116f53228bf1ef684, WN: 1178, TOW: 400980
KEY 046: 18741969b31d44d5ca4e01018bab413849a61e3625d3964da3a2, 62ef6efd69c2c869131004e551c3eb38 =? d499ade8332a073116f53228bf1ef684, WN: 1178, TOW: 400950
KEY 045: 62ef6efd69c2c869131004e551c3eb3849a61e1825d3964da3a2, 43dc5c843b3ad198c6f50ea76aabf83c =? d499ade8332a073116f53228bf1ef684, WN: 1178, TOW: 400920
KEY 044: 43dc5c843b3ad198c6f50ea76aabf83c49a61dfa25d3964da3a2, d1baa7c22d5ec3d0d9133a90a4713b77 =? d499ade8332a073116f53228bf1ef684, WN: 1178, TOW: 400890
KEY 043: d1baa7c22d5ec3d0d9133a90a4713b7749a61ddc25d3964da3a2, 52d0830042bd20467dab76d2c85147ac =? d499ade8332a073116f53228bf1ef684, WN: 1178, TOW: 400860
KEY 042: 52d0830042bd20467dab76d2c85147ac49a61dbe25d3964da3a2, 86cb9b3ddc4b74f82df9f7cf526a5a3c =? d499ade8332a073116f53228bf1ef684, WN: 1178, TOW: 400830
KEY 041: 86cb9b3ddc4b74f82df9f7cf526a5a3c49a61da025d3964da3a2, eacf47672d1751332f4e450d2ea1c7f5 =? d499ade8332a073116f53228bf1ef684, WN: 1178, TOW: 400800
KEY 040: eacf47672d1751332f4e450d2ea1c7f549a61d8225d3964da3a2, 689b1ecf53341676c19ebf98e71df736 =? d499ade8332a073116f53228bf1ef684, WN: 1178, TOW: 400770
KEY 039: 689b1ecf53341676c19ebf98e71df73649a61d6425d3964da3a2, eb68fad451d96612d9dc920fe722a12b =? d499ade8332a073116f53228bf1ef684, WN: 1178, TOW: 400740
KEY 038: eb68fad451d96612d9dc920fe722a12b49a61d4625d3964da3a2, 6772d46ba6334222db150d35c5ec7fc2 =? d499ade8332a073116f53228bf1ef684, WN: 1178, TOW: 400710
KEY 037: 6772d46ba6334222db150d35c5ec7fc249a61d2825d3964da3a2, dc1b69effec08a40685999d96c38dfb5 =? d499ade8332a073116f53228bf1ef684, WN: 1178, TOW: 400680
KEY 036: dc1b69effec08a40685999d96c38dfb549a61d0a25d3964da3a2, df716b883cab9b73818426422aa54bbc =? d499ade8332a073116f53228bf1ef684, WN: 1178, TOW: 400650
KEY 035: df716b883cab9b73818426422aa54bbc49a61cec25d3964da3a2, b248299c435a8f21337d727129cb8994 =? d499ade8332a073116f53228bf1ef684, WN: 1178, TOW: 400620
KEY 034: b248299c435a8f21337d727129cb899449a61cce25d3964da3a2, 97ceb9f709e91ccd616a65caff0db506 =? d499ade8332a073116f53228bf1ef684, WN: 1178, TOW: 400590
KEY 033: 97ceb9f709e91ccd616a65caff0db50649a61cb025d3964da3a2, 37e26fd60b2f4291f6cc157d7caf59db =? d499ade8332a073116f53228bf1ef684, WN: 1178, TOW: 400560
KEY 032: 37e26fd60b2f4291f6cc157d7caf59db49a61c9225d3964da3a2, 60b8ff5d39a7fd2f808c77a5878a7fe5 =? d499ade8332a073116f53228bf1ef684, WN: 1178, TOW: 400530
KEY 031: 60b8ff5d39a7fd2f808c77a5878a7fe549a61c7425d3964da3a2, 6c103752e8324fb17bdee817c4ab720b =? d499ade8332a073116f53228bf1ef684, WN: 1178, TOW: 400500
KEY 030: 6c103752e8324fb17bdee817c4ab720b49a61c5625d3964da3a2, f878fb294566d536b2f34c27351d4eeb =? d499ade8332a073116f53228bf1ef684, WN: 1178, TOW: 400470
KEY 029: f878fb294566d536b2f34c27351d4eeb49a61c3825d3964da3a2, 2895f2fa50ef9ece5f6ba0c4ad22b793 =? d499ade8332a073116f53228bf1ef684, WN: 1178, TOW: 400440
KEY 028: 2895f2fa50ef9ece5f6ba0c4ad22b79349a61c1a25d3964da3a2, 985642e432b98854eea696706e233150 =? d499ade8332a073116f53228bf1ef684, WN: 1178, TOW: 400410
KEY 027: 985642e432b98854eea696706e23315049a61bfc25d3964da3a2, 5b15deaaa73b8d075bd5cdea5e96ebe3 =? d499ade8332a073116f53228bf1ef684, WN: 1178, TOW: 400380
KEY 026: 5b15deaaa73b8d075bd5cdea5e96ebe349a61bde25d3964da3a2, cc80f4ddb24b09283ce0f19c39dfd8bc =? d499ade8332a073116f53228bf1ef684, WN: 1178, TOW: 400350
KEY 025: cc80f4ddb24b09283ce0f19c39dfd8bc49a61bc025d3964da3a2, 4c7d34f38e1c7f84b4b46b3490e6cdd8 =? d499ade8332a073116f53228bf1ef684, WN: 1178, TOW: 400320
KEY 024: 4c7d34f38e1c7f84b4b46b3490e6cdd849a61ba225d3964da3a2, b3da6cc0d98c6421b6eb3a557f565b01 =? d499ade8332a073116f53228bf1ef684, WN: 1178, TOW: 400290
KEY 023: b3da6cc0d98c6421b6eb3a557f565b0149a61b8425d3964da3a2, db872bbb97f3fff920c0102b01e83bec =? d499ade8332a073116f53228bf1ef684, WN: 1178, TOW: 400260
KEY 022: db872bbb97f3fff920c0102b01e83bec49a61b6625d3964da3a2, 5a79057efd1d3f950fe11f2935bb00ee =? d499ade8332a073116f53228bf1ef684, WN: 1178, TOW: 400230
KEY 021: 5a79057efd1d3f950fe11f2935bb00ee49a61b4825d3964da3a2, b3ca9286c497f2716efe4d5ce77067e2 =? d499ade8332a073116f53228bf1ef684, WN: 1178, TOW: 400200
KEY 020: b3ca9286c497f2716efe4d5ce77067e249a61b2a25d3964da3a2, dd415ed3c344d39b960dfc7cb3337ecc =? d499ade8332a073116f53228bf1ef684, WN: 1178, TOW: 400170
KEY 019: dd415ed3c344d39b960dfc7cb3337ecc49a61b0c25d3964da3a2, 64bb7ad0c0e75693d32c62351b282259 =? d499ade8332a073116f53228bf1ef684, WN: 1178, TOW: 400140
KEY 018: 64bb7ad0c0e75693d32c62351b28225949a61aee25d3964da3a2, 578318de9b0b369d05d1e1c322c356c9 =? d499ade8332a073116f53228bf1ef684, WN: 1178, TOW: 400110
KEY 017: 578318de9b0b369d05d1e1c322c356c949a61ad025d3964da3a2, 56f2171bfd3a8f3237078de64ca59567 =? d499ade8332a073116f53228bf1ef684, WN: 1178, TOW: 400080
KEY 016: 56f2171bfd3a8f3237078de64ca5956749a61ab225d3964da3a2, 19de66d72c5b097964447b7622117e6e =? d499ade8332a073116f53228bf1ef684, WN: 1178, TOW: 400050
KEY 015: 19de66d72c5b097964447b7622117e6e49a61a9425d3964da3a2, f5b72f2f11d9cc4bb21fb1e9c05dc167 =? d499ade8332a073116f53228bf1ef684, WN: 1178, TOW: 400020
KEY 014: f5b72f2f11d9cc4bb21fb1e9c05dc16749a61a7625d3964da3a2, f27219c032fec0b3b3896fc3cae6c82d =? d499ade8332a073116f53228bf1ef684, WN: 1178, TOW: 399990
KEY 013: f27219c032fec0b3b3896fc3cae6c82d49a61a5825d3964da3a2, d8c5ccabaefa9847e3beaee1daa9291e =? d499ade8332a073116f53228bf1ef684, WN: 1178, TOW: 399960
KEY 012: d8c5ccabaefa9847e3beaee1daa9291e49a61a3a25d3964da3a2, ee56e7fced195c93f9becf27d6ae48bd =? d499ade8332a073116f53228bf1ef684, WN: 1178, TOW: 399930
KEY 011: ee56e7fced195c93f9becf27d6ae48bd49a61a1c25d3964da3a2, c2104d0f8896098ece4d698193a617a1 =? d499ade8332a073116f53228bf1ef684, WN: 1178, TOW: 399900
KEY 010: c2104d0f8896098ece4d698193a617a149a619fe25d3964da3a2, 9dd7257cf637a73fdffa73984eb67005 =? d499ade8332a073116f53228bf1ef684, WN: 1178, TOW: 399870
KEY 009: 9dd7257cf637a73fdffa73984eb6700549a619e025d3964da3a2, 9290009e52f29896b0cc3c74e19274fa =? d499ade8332a073116f53228bf1ef684, WN: 1178, TOW: 399840
KEY 008: 9290009e52f29896b0cc3c74e19274fa49a619c225d3964da3a2, e62c8288c22f702fae379e6b0d58195d =? d499ade8332a073116f53228bf1ef684, WN: 1178, TOW: 399810
KEY 007: e62c8288c22f702fae379e6b0d58195d49a619a425d3964da3a2, e5c1d697acfbbf3e5acc84060394f2d7 =? d499ade8332a073116f53228bf1ef684, WN: 1178, TOW: 399780
KEY 006: e5c1d697acfbbf3e5acc84060394f2d749a6198625d3964da3a2, d90776d868eee03d883fa4224a9c8b8f =? d499ade8332a073116f53228bf1ef684, WN: 1178, TOW: 399750
KEY 005: d90776d868eee03d883fa4224a9c8b8f49a6196825d3964da3a2, f1f382d6a9086cdd02db13acd87ec1a2 =? d499ade8332a073116f53228bf1ef684, WN: 1178, TOW: 399720
KEY 004: f1f382d6a9086cdd02db13acd87ec1a249a6194a25d3964da3a2, 4f6e639b17dff1e9ec643040bb865f71 =? d499ade8332a073116f53228bf1ef684, WN: 1178, TOW: 399690
KEY 003: 4f6e639b17dff1e9ec643040bb865f7149a6192c25d3964da3a2, 9ba39818dcfab2b69c0996238ec530ab =? d499ade8332a073116f53228bf1ef684, WN: 1178, TOW: 399660
KEY 002: 9ba39818dcfab2b69c0996238ec530ab49a6190e25d3964da3a2, 12e88a4fe936fe3c564e76f9b8c7c66b =? d499ade8332a073116f53228bf1ef684, WN: 1178, TOW: 399630
KEY 001: 12e88a4fe936fe3c564e76f9b8c7c66b49a618f025d3964da3a2, da479efe4d3feb764e5517aa76752748 =? d499ade8332a073116f53228bf1ef684, WN: 1178, TOW: 399600
KEY 000: da479efe4d3feb764e5517aa7675274849a618d225d3964da3a2, d499ade8332a073116f53228bf1ef684 =? d499ade8332a073116f53228bf1ef684, WN: 1178, TOW: 399570
Chained reached a key that was verified; short-cutting
-> PRN: 26
  -> WN: 1178
  -> TOW: 401111
  -> TOW: WN: 1178, TOW: 401111
  -> HKROOT:
    -> NMA Status: Test
    -> Chain Status: Nominal
    -> Chain ID: 1
    -> Reserved: 0
    -> DSM ID: 7
    -> DSM Block ID: 5
  -> MACK messages: 
    -> Tag_0: 0x78b466c9bc
    -> MACSEQ: 011001001101
    -> Reserved: 0011
    -> Tag&Info
      -> Tag: 0x67d8c66674; Info: 0000010100000011
      -> Tag: 0xd360d795c3; Info: 1111111101000000
      -> Tag: 0xf707fca272; Info: 0000110000000000
      -> Tag: 0x3efc41088f; Info: 0001101011000011
      -> Tag: 0x78db8408c3; Info: 0001010100000011
    -> TESLA Key: 0x715f1725d4b598321a815b79d6084a36,  verified
    -> Padding: 0000000000000000

--------------------

Missing TESLA key, attempting to repair
Key index: 52
CID: 1
KEY 051: 6d07fd919449ee2b1e66629c92fb6b4d49a61ecc25d3964da3a2, 715f1725d4b598321a815b79d6084a36 =? d499ade8332a073116f53228bf1ef684, WN: 1178, TOW: 401100
Chained reached a key that was verified; short-cutting
-> PRN: 26
  -> WN: 1178
  -> TOW: 401141
  -> TOW: WN: 1178, TOW: 401141
  -> HKROOT:
    -> NMA Status: Test
    -> Chain Status: Nominal
    -> Chain ID: 1
    -> Reserved: 0
    -> DSM ID: 7
    -> DSM Block ID: 6
  -> MACK messages: 
    -> Tag_0: 0x27cbd11eeb
    -> MACSEQ: 110110011111
    -> Reserved: 0011
    -> Tag&Info
      -> Tag: 0xa1e4352c73; Info: 0001010100000011
      -> Tag: 0x427237eff9; Info: 0010000100000101
      -> Tag: 0x85574d5a2c; Info: 0001101011000011
      -> Tag: 0x2bc8a45b8a; Info: 0001001000000000
      -> Tag: 0xa86f9742c4; Info: 0000100111000010
    -> TESLA Key: 0x6d07fd919449ee2b1e66629c92fb6b4d,  verified
    -> Padding: 0000000000000000

--------------------

Missing TESLA key, attempting to repair
Key index: 53
CID: 1
KEY 052: f85b25d820147d1cc5508480c6d524cc49a61eea25d3964da3a2, 6d07fd919449ee2b1e66629c92fb6b4d =? d499ade8332a073116f53228bf1ef684, WN: 1178, TOW: 401130
Chained reached a key that was verified; short-cutting
-> PRN: 26
  -> WN: 1178
  -> TOW: 401171
  -> TOW: WN: 1178, TOW: 401171
  -> HKROOT:
    -> NMA Status: Test
    -> Chain Status: Nominal
    -> Chain ID: 1
    -> Reserved: 0
    -> DSM ID: 7
    -> DSM Block ID: 7
  -> MACK messages: 
    -> Tag_0: 0x9546acd646
    -> MACSEQ: 101000110100
    -> Reserved: 0011
    -> Tag&Info
      -> Tag: 0xf62883f123; Info: 0000010100000011
      -> Tag: 0x11536da670; Info: 1111111101000000
      -> Tag: 0x676bbc63ab; Info: 0000110000000000
      -> Tag: 0xdf85d8d1b5; Info: 0001101011000011
      -> Tag: 0xdaba54e3bc; Info: 0001010100000011
    -> TESLA Key: 0xf85b25d820147d1cc5508480c6d524cc,  verified
    -> Padding: 0000000000000000

--------------------

Key index: 54
CID: 1
KEY 053: fc97b6fd8fddeff394c1a1edb4f8823449a61f0825d3964da3a2, f85b25d820147d1cc5508480c6d524cc =? d499ade8332a073116f53228bf1ef684, WN: 1178, TOW: 401160
Chained reached a key that was verified; short-cutting
-> PRN: 26
  -> WN: 1178
  -> TOW: 401201
  -> TOW: WN: 1178, TOW: 401201
  -> HKROOT:
    -> NMA Status: Test
    -> Chain Status: Nominal
    -> Chain ID: 1
    -> Reserved: 0
    -> DSM ID: 7
    -> DSM Block ID: 0
    -> Nb. of Blocks (NB): 8
    -> Public Key ID (PKID): 2
    -> Chain ID of KROOT (CIDKR): 1
    -> Hash Function (HF): SHA-256
    -> MAC Function (MF): HMAC-SHA-256
    -> Key Size (KS): 128
    -> MAC Size (TS): 40
    -> MAC Look-up Table (MACLT): 33
    -> WNK: 1178
    -> TOWHK: 110
    -> TOWK: 396000
    -> GST_0: WN: 1178, TOW: 396000
    -> GST_SF_K: WN: 1178, TOW: 395970
    -> Alpha(random): 001001011101001110010110010011011010001110100010
  -> MACK messages: 
    -> Tag_0: 0x11c10bfbc0
    -> MACSEQ: 111111111111
    -> Reserved: 0011
    -> Tag&Info
      -> Tag: 0xdfe49bf2ea; Info: 0001010100000011
      -> Tag: 0xa193ce0abe; Info: 0010000100000101
      -> Tag: 0x7cade708bc; Info: 0001101011000011
      -> Tag: 0x26f412907f; Info: 0001001000000000
      -> Tag: 0xea85022be6; Info: 0000100111000010
    -> TESLA Key: 0xfc97b6fd8fddeff394c1a1edb4f88234,  verified
    -> Padding: 0000000000000000

--------------------

Key index: 55
CID: 1
KEY 054: cefd456b09344cc7481e26db4c84a66a49a61f2625d3964da3a2, fc97b6fd8fddeff394c1a1edb4f88234 =? d499ade8332a073116f53228bf1ef684, WN: 1178, TOW: 401190
Chained reached a key that was verified; short-cutting
-> PRN: 26
  -> WN: 1178
  -> TOW: 401231
  -> TOW: WN: 1178, TOW: 401231
  -> HKROOT:
    -> NMA Status: Test
    -> Chain Status: Nominal
    -> Chain ID: 1
    -> Reserved: 0
    -> DSM ID: 7
    -> DSM Block ID: 1
  -> MACK messages: 
    -> Tag_0: 0xa051ad7668
    -> MACSEQ: 110100000110
    -> Reserved: 0011
    -> Tag&Info
      -> Tag: 0x4e94c04b1d; Info: 0000010100000011
      -> Tag: 0x866ddbe0e0; Info: 1111111101000000
      -> Tag: 0x15629167ce; Info: 0000110000000000
      -> Tag: 0xfc6caec007; Info: 0001101011000011
      -> Tag: 0x148651a480; Info: 0001010100000011
    -> TESLA Key: 0xcefd456b09344cc7481e26db4c84a66a,  verified
    -> Padding: 0000000000000000

--------------------

Key index: 56
CID: 1
KEY 055: 61e3c1bd5111f4d423df12f583a78d8349a61f4425d3964da3a2, cefd456b09344cc7481e26db4c84a66a =? d499ade8332a073116f53228bf1ef684, WN: 1178, TOW: 401220
Chained reached a key that was verified; short-cutting
-> PRN: 26
  -> WN: 1178
  -> TOW: 401261
  -> TOW: WN: 1178, TOW: 401261
  -> HKROOT:
    -> NMA Status: Test
    -> Chain Status: Nominal
    -> Chain ID: 1
    -> Reserved: 0
    -> DSM ID: 8
    -> DSM Block ID: 2
  -> MACK messages: 
    -> Tag_0: 0x13a5307b6a
    -> MACSEQ: 111110001111
    -> Reserved: 0011
    -> Tag&Info
      -> Tag: 0x8a9deb8fb4; Info: 0001010100000011
      -> Tag: 0x9490bed3da; Info: 0010000100000101
      -> Tag: 0x792ea927d1; Info: 0001101011000011
      -> Tag: 0xa85db92c; Info: 0001001000000000
      -> Tag: 0xdd8e19e0f0; Info: 0000100111000010
    -> TESLA Key: 0x61e3c1bd5111f4d423df12f583a78d83,  verified
    -> Padding: 0000000000000000

--------------------

Key index: 57
CID: 1
KEY 056: ee1694fc392b0c9d6bb42e11ffe94fc949a61f6225d3964da3a2, 61e3c1bd5111f4d423df12f583a78d83 =? d499ade8332a073116f53228bf1ef684, WN: 1178, TOW: 401250
Chained reached a key that was verified; short-cutting
-> PRN: 26
  -> WN: 1178
  -> TOW: 401291
  -> TOW: WN: 1178, TOW: 401291
  -> HKROOT:
    -> NMA Status: Test
    -> Chain Status: Nominal
    -> Chain ID: 1
    -> Reserved: 0
    -> DSM ID: 8
    -> DSM Block ID: 3
  -> MACK messages: 
    -> Tag_0: 0xb2bdbe8b18
    -> MACSEQ: 000010000010
    -> Reserved: 0011
    -> Tag&Info
      -> Tag: 0x90e78c25fc; Info: 0000010100000011
      -> Tag: 0xa9a48d9853; Info: 1111111101000000
      -> Tag: 0xdbff1b1293; Info: 0000110000000000
      -> Tag: 0xdef2133e36; Info: 0001101011000011
      -> Tag: 0x225748820d; Info: 0001010100000011
    -> TESLA Key: 0xee1694fc392b0c9d6bb42e11ffe94fc9,  verified
    -> Padding: 0000000000000000

--------------------

Key index: 58
CID: 1
KEY 057: 1c35568ca6113fccb78e2b0ba9cdf95549a61f8025d3964da3a2, ee1694fc392b0c9d6bb42e11ffe94fc9 =? d499ade8332a073116f53228bf1ef684, WN: 1178, TOW: 401280
Chained reached a key that was verified; short-cutting
-> PRN: 26
  -> WN: 1178
  -> TOW: 401321
  -> TOW: WN: 1178, TOW: 401321
  -> HKROOT:
    -> NMA Status: Test
    -> Chain Status: Nominal
    -> Chain ID: 1
    -> Reserved: 0
    -> DSM ID: 8
    -> DSM Block ID: 4
  -> MACK messages: 
    -> Tag_0: 0xd6670bb4a9
    -> MACSEQ: 111111111001
    -> Reserved: 0011
    -> Tag&Info
      -> Tag: 0x1b5582795f; Info: 0001010100000011
      -> Tag: 0x4274cf6271; Info: 0010000100000101
      -> Tag: 0x95e9db3028; Info: 0001101011000011
      -> Tag: 0x4066b5d7f8; Info: 0001001000000000
      -> Tag: 0xae7ee5f4fc; Info: 0000100111000010
    -> TESLA Key: 0x1c35568ca6113fccb78e2b0ba9cdf955,  verified
    -> Padding: 0000000000000000

--------------------

Key index: 59
CID: 1
KEY 058: b9ff915514844142d5edc70821ed84d749a61f9e25d3964da3a2, 1c35568ca6113fccb78e2b0ba9cdf955 =? d499ade8332a073116f53228bf1ef684, WN: 1178, TOW: 401310
Chained reached a key that was verified; short-cutting
-> PRN: 26
  -> WN: 1178
  -> TOW: 401351
  -> TOW: WN: 1178, TOW: 401351
  -> HKROOT:
    -> NMA Status: Test
    -> Chain Status: Nominal
    -> Chain ID: 1
    -> Reserved: 0
    -> DSM ID: 8
    -> DSM Block ID: 5
  -> MACK messages: 
    -> Tag_0: 0xae8e0e2e79
    -> MACSEQ: 000111010111
    -> Reserved: 0011
    -> Tag&Info
      -> Tag: 0x8c905015d; Info: 0000010100000011
      -> Tag: 0x64ba138a65; Info: 1111111101000000
      -> Tag: 0x969791ed72; Info: 0000110000000000
      -> Tag: 0x9224bec11a; Info: 0001101011000011
      -> Tag: 0x8819fc4d6a; Info: 0001010100000011
    -> TESLA Key: 0xb9ff915514844142d5edc70821ed84d7,  verified
    -> Padding: 0000000000000000

--------------------

Key index: 60
CID: 1
KEY 059: 023834ceadd83518b82ccc6a48babcb749a61fbc25d3964da3a2, b9ff915514844142d5edc70821ed84d7 =? d499ade8332a073116f53228bf1ef684, WN: 1178, TOW: 401340
Chained reached a key that was verified; short-cutting
-> PRN: 26
  -> WN: 1178
  -> TOW: 401381
  -> TOW: WN: 1178, TOW: 401381
  -> HKROOT:
    -> NMA Status: Test
    -> Chain Status: Nominal
    -> Chain ID: 1
    -> Reserved: 0
    -> DSM ID: 8
    -> DSM Block ID: 6
  -> MACK messages: 
    -> Tag_0: 0xbc7b3cdd09
    -> MACSEQ: 000111110000
    -> Reserved: 0011
    -> Tag&Info
      -> Tag: 0x5c754b841e; Info: 0001010100000011
      -> Tag: 0xced2d20575; Info: 0010000100000101
      -> Tag: 0x5a37763e21; Info: 0001101011000011
      -> Tag: 0xec217997d2; Info: 0001001000000000
      -> Tag: 0x7c587f4599; Info: 0000010111000011
    -> TESLA Key: 0x23834ceadd83518b82ccc6a48babcb7,  verified
    -> Padding: 0000000000000000

--------------------

Key index: 61
CID: 1
KEY 060: 1394e81ffb821b7787845a7ca669dea549a61fda25d3964da3a2, 023834ceadd83518b82ccc6a48babcb7 =? d499ade8332a073116f53228bf1ef684, WN: 1178, TOW: 401370
Chained reached a key that was verified; short-cutting
-> PRN: 26
  -> WN: 1178
  -> TOW: 401411
  -> TOW: WN: 1178, TOW: 401411
  -> HKROOT:
    -> NMA Status: Test
    -> Chain Status: Nominal
    -> Chain ID: 1
    -> Reserved: 0
    -> DSM ID: 8
    -> DSM Block ID: 7
  -> MACK messages: 
    -> Tag_0: 0x1407dbf9d9
    -> MACSEQ: 110111001111
    -> Reserved: 0011
    -> Tag&Info
      -> Tag: 0x954294ab47; Info: 0000100100000010
      -> Tag: 0xeb8d6380b6; Info: 1111111101000000
      -> Tag: 0x91e9f72448; Info: 0000110000000000
      -> Tag: 0xcb8072b715; Info: 0001101011000011
      -> Tag: 0x42e5542a5f; Info: 0001010100000011
    -> TESLA Key: 0x1394e81ffb821b7787845a7ca669dea5,  verified
    -> Padding: 0000000000000000

--------------------

Key index: 62
CID: 1
KEY 061: bd7941f5db9aa176a021a5dad8845b1549a61ff825d3964da3a2, 1394e81ffb821b7787845a7ca669dea5 =? d499ade8332a073116f53228bf1ef684, WN: 1178, TOW: 401400
Chained reached a key that was verified; short-cutting
-> PRN: 26
  -> WN: 1178
  -> TOW: 401441
  -> TOW: WN: 1178, TOW: 401441
  -> HKROOT:
    -> NMA Status: Test
    -> Chain Status: Nominal
    -> Chain ID: 1
    -> Reserved: 0
    -> DSM ID: 8
    -> DSM Block ID: 0
    -> Nb. of Blocks (NB): 8
    -> Public Key ID (PKID): 2
    -> Chain ID of KROOT (CIDKR): 1
    -> Hash Function (HF): SHA-256
    -> MAC Function (MF): HMAC-SHA-256
    -> Key Size (KS): 128
    -> MAC Size (TS): 40
    -> MAC Look-up Table (MACLT): 33
    -> WNK: 1178
    -> TOWHK: 111
    -> TOWK: 399600
    -> GST_0: WN: 1178, TOW: 399600
    -> GST_SF_K: WN: 1178, TOW: 399570
    -> Alpha(random): 001001011101001110010110010011011010001110100010
  -> MACK messages: 
    -> Tag_0: 0x792019bb62
    -> MACSEQ: 110101101000
    -> Reserved: 0011
    -> Tag&Info
      -> Tag: 0xc3388ed086; Info: 0001010100000011
      -> Tag: 0x5ddf4ee60; Info: 0010000100000101
      -> Tag: 0xf2c12a0895; Info: 0001101011000011
      -> Tag: 0xbac00fd665; Info: 0001001000000000
      -> Tag: 0xd2b9544ce7; Info: 0000010111000011
    -> TESLA Key: 0xbd7941f5db9aa176a021a5dad8845b15,  verified
    -> Padding: 0000000000000000

--------------------

Key index: 63
CID: 1
KEY 062: d1f86a1af10909054c15df2fc635a37949a6201625d3964da3a2, bd7941f5db9aa176a021a5dad8845b15 =? d499ade8332a073116f53228bf1ef684, WN: 1178, TOW: 401430
Chained reached a key that was verified; short-cutting
-> PRN: 26
  -> WN: 1178
  -> TOW: 401471
  -> TOW: WN: 1178, TOW: 401471
  -> HKROOT:
    -> NMA Status: Test
    -> Chain Status: Nominal
    -> Chain ID: 1
    -> Reserved: 0
    -> DSM ID: 8
    -> DSM Block ID: 1
  -> MACK messages: 
    -> Tag_0: 0xa1870745b4
    -> MACSEQ: 111110001011
    -> Reserved: 0011
    -> Tag&Info
      -> Tag: 0xe4e0b60ea1; Info: 0000100100000010
      -> Tag: 0x392dfe7b12; Info: 1111111101000000
      -> Tag: 0x61d46c44d5; Info: 0000110000000000
      -> Tag: 0x9606434b19; Info: 0001101011000011
      -> Tag: 0x6513b66e4c; Info: 0001010100000011
    -> TESLA Key: 0xd1f86a1af10909054c15df2fc635a379,  verified
    -> Padding: 0000000000000000

--------------------

Key index: 64
CID: 1
KEY 063: fca0ecf34174a2c3907747449a68949749a6203425d3964da3a2, d1f86a1af10909054c15df2fc635a379 =? d499ade8332a073116f53228bf1ef684, WN: 1178, TOW: 401460
Chained reached a key that was verified; short-cutting
-> PRN: 26
  -> WN: 1178
  -> TOW: 401501
  -> TOW: WN: 1178, TOW: 401501
  -> HKROOT:
    -> NMA Status: Test
    -> Chain Status: Nominal
    -> Chain ID: 1
    -> Reserved: 0
    -> DSM ID: 8
    -> DSM Block ID: 2
  -> MACK messages: 
    -> Tag_0: 0xc82e3a8010
    -> MACSEQ: 000010110110
    -> Reserved: 1100
    -> Tag&Info
      -> Tag: 0x198e9fa56c; Info: 0001010100001100
      -> Tag: 0x9e163c7b11; Info: 0010000100000101
      -> Tag: 0x7fc8d21888; Info: 0001101011001100
      -> Tag: 0x2cee53c537; Info: 0001001000000000
      -> Tag: 0xd594b86ab; Info: 0000010111001100
    -> TESLA Key: 0xfca0ecf34174a2c3907747449a689497,  verified
    -> Padding: 0000000000000000

--------------------

Key index: 65
CID: 1
KEY 064: f0b1ba9a2df1d0001c9a3000d07bb0fe49a6205225d3964da3a2, fca0ecf34174a2c3907747449a689497 =? d499ade8332a073116f53228bf1ef684, WN: 1178, TOW: 401490
Chained reached a key that was verified; short-cutting
-> PRN: 26
  -> WN: 1178
  -> TOW: 401531
  -> TOW: WN: 1178, TOW: 401531
  -> HKROOT:
    -> NMA Status: Test
    -> Chain Status: Nominal
    -> Chain ID: 1
    -> Reserved: 0
    -> DSM ID: 8
    -> DSM Block ID: 3
  -> MACK messages: 
    -> Tag_0: 0xe8d1496b21
    -> MACSEQ: 000011101111
    -> Reserved: 0100
    -> Tag&Info
      -> Tag: 0xa5ad79d475; Info: 0000100100000010
      -> Tag: 0x78296846ee; Info: 1111111101000000
      -> Tag: 0xbb0ac6e59a; Info: 0000110000000000
      -> Tag: 0x6c063d66fd; Info: 0001101011000100
      -> Tag: 0x397b719ba2; Info: 0001010100000100
    -> TESLA Key: 0xf0b1ba9a2df1d0001c9a3000d07bb0fe,  verified
    -> Padding: 0000000000000000

--------------------

Key index: 66
CID: 1
KEY 065: 14df0bb1690c03dea8c79550032335ee49a6207025d3964da3a2, f0b1ba9a2df1d0001c9a3000d07bb0fe =? d499ade8332a073116f53228bf1ef684, WN: 1178, TOW: 401520
Chained reached a key that was verified; short-cutting
-> PRN: 26
  -> WN: 1178
  -> TOW: 401561
  -> TOW: WN: 1178, TOW: 401561
  -> HKROOT:
    -> NMA Status: Test
    -> Chain Status: Nominal
    -> Chain ID: 1
    -> Reserved: 0
    -> DSM ID: 8
    -> DSM Block ID: 4
  -> MACK messages: 
    -> Tag_0: 0xf0e28cbff1
    -> MACSEQ: 101110010011
    -> Reserved: 0100
    -> Tag&Info
      -> Tag: 0x509c4a34e5; Info: 0001010100000100
      -> Tag: 0x6747765c72; Info: 0010000100000101
      -> Tag: 0xb3ed535caf; Info: 0001101011000100
      -> Tag: 0x295ac902d9; Info: 0001001000000000
      -> Tag: 0x61b7d6623e; Info: 0000010111000100
    -> TESLA Key: 0x14df0bb1690c03dea8c79550032335ee,  verified
    -> Padding: 0000000000000000

--------------------

Key index: 52
CID: 1
KEY 051: 6d07fd919449ee2b1e66629c92fb6b4d49a61ecc25d3964da3a2, 715f1725d4b598321a815b79d6084a36 =? d499ade8332a073116f53228bf1ef684, WN: 1178, TOW: 401100
Chained reached a key that was verified; short-cutting
-> PRN: 1
  -> WN: 1178
  -> TOW: 401141
  -> TOW: WN: 1178, TOW: 401141
  -> HKROOT:
    -> NMA Status: Test
    -> Chain Status: Nominal
    -> Chain ID: 1
    -> Reserved: 0
    -> DSM ID: 7
    -> DSM Block ID: 5
  -> MACK messages: 
    -> Tag_0: 0xc49b1b4476
    -> MACSEQ: 101100101000
    -> Reserved: 0011
    -> Tag&Info
      -> Tag: 0xb3a19a1c94; Info: 0001001000000000
      -> Tag: 0x2873ee62f9; Info: 0010000100000101
      -> Tag: 0x566266ae7b; Info: 0000000111000011
      -> Tag: 0xb578252fad; Info: 0001010100000011
      -> Tag: 0x4573adf849; Info: 0000100111000010
    -> TESLA Key: 0x6d07fd919449ee2b1e66629c92fb6b4d,  verified
    -> Padding: 0000000000000000

--------------------

Key index: 53
CID: 1
KEY 052: f85b25d820147d1cc5508480c6d524cc49a61eea25d3964da3a2, 6d07fd919449ee2b1e66629c92fb6b4d =? d499ade8332a073116f53228bf1ef684, WN: 1178, TOW: 401130
Chained reached a key that was verified; short-cutting
-> PRN: 1
  -> WN: 1178
  -> TOW: 401171
  -> TOW: WN: 1178, TOW: 401171
  -> HKROOT:
    -> NMA Status: Test
    -> Chain Status: Nominal
    -> Chain ID: 1
    -> Reserved: 0
    -> DSM ID: 7
    -> DSM Block ID: 6
  -> MACK messages: 
    -> Tag_0: 0x7c8f2505d7
    -> MACSEQ: 010001001101
    -> Reserved: 0011
    -> Tag&Info
      -> Tag: 0x521f79d86d; Info: 0000010100000011
      -> Tag: 0x3505d7e73b; Info: 1111111101000000
      -> Tag: 0x1de85ad435; Info: 0000110000000000
      -> Tag: 0x778773585; Info: 0000000111000011
      -> Tag: 0xb87f4ce8f6; Info: 0001001000000000
    -> TESLA Key: 0xf85b25d820147d1cc5508480c6d524cc,  verified
    -> Padding: 0000000000000000

--------------------

Key index: 54
CID: 1
KEY 053: fc97b6fd8fddeff394c1a1edb4f8823449a61f0825d3964da3a2, f85b25d820147d1cc5508480c6d524cc =? d499ade8332a073116f53228bf1ef684, WN: 1178, TOW: 401160
Chained reached a key that was verified; short-cutting
-> PRN: 1
  -> WN: 1178
  -> TOW: 401201
  -> TOW: WN: 1178, TOW: 401201
  -> HKROOT:
    -> NMA Status: Test
    -> Chain Status: Nominal
    -> Chain ID: 1
    -> Reserved: 0
    -> DSM ID: 7
    -> DSM Block ID: 7
  -> MACK messages: 
    -> Tag_0: 0x5ce648c75a
    -> MACSEQ: 110110110001
    -> Reserved: 0011
    -> Tag&Info
      -> Tag: 0xa8354a305d; Info: 0001001000000000
      -> Tag: 0xefecfe31d6; Info: 0010000100000101
      -> Tag: 0xef9cfcaef7; Info: 0000000111000011
      -> Tag: 0xe35ee3a434; Info: 0001010100000011
      -> Tag: 0x5c32a5e5d3; Info: 0000100111000010
    -> TESLA Key: 0xfc97b6fd8fddeff394c1a1edb4f88234,  verified
    -> Padding: 0000000000000000

--------------------

Key index: 55
CID: 1
KEY 054: cefd456b09344cc7481e26db4c84a66a49a61f2625d3964da3a2, fc97b6fd8fddeff394c1a1edb4f88234 =? d499ade8332a073116f53228bf1ef684, WN: 1178, TOW: 401190
Chained reached a key that was verified; short-cutting
-> PRN: 1
  -> WN: 1178
  -> TOW: 401231
  -> TOW: WN: 1178, TOW: 401231
  -> HKROOT:
    -> NMA Status: Test
    -> Chain Status: Nominal
    -> Chain ID: 1
    -> Reserved: 0
    -> DSM ID: 7
    -> DSM Block ID: 0
    -> Nb. of Blocks (NB): 8
    -> Public Key ID (PKID): 2
    -> Chain ID of KROOT (CIDKR): 1
    -> Hash Function (HF): SHA-256
    -> MAC Function (MF): HMAC-SHA-256
    -> Key Size (KS): 128
    -> MAC Size (TS): 40
    -> MAC Look-up Table (MACLT): 33
    -> WNK: 1178
    -> TOWHK: 110
    -> TOWK: 396000
    -> GST_0: WN: 1178, TOW: 396000
    -> GST_SF_K: WN: 1178, TOW: 395970
    -> Alpha(random): 001001011101001110010110010011011010001110100010
  -> MACK messages: 
    -> Tag_0: 0x6e2bf57418
    -> MACSEQ: 110000010110
    -> Reserved: 0011
    -> Tag&Info
      -> Tag: 0xd128c569d9; Info: 0000010100000011
      -> Tag: 0x74d266ad90; Info: 1111111101000000
      -> Tag: 0x5aa4b4b99e; Info: 0000110000000000
      -> Tag: 0x7a3a36722f; Info: 0000000111000011
      -> Tag: 0x1d696a770d; Info: 0001001000000000
    -> TESLA Key: 0xcefd456b09344cc7481e26db4c84a66a,  verified
    -> Padding: 0000000000000000

--------------------

Key index: 56
CID: 1
KEY 055: 61e3c1bd5111f4d423df12f583a78d8349a61f4425d3964da3a2, cefd456b09344cc7481e26db4c84a66a =? d499ade8332a073116f53228bf1ef684, WN: 1178, TOW: 401220
Chained reached a key that was verified; short-cutting
-> PRN: 1
  -> WN: 1178
  -> TOW: 401261
  -> TOW: WN: 1178, TOW: 401261
  -> HKROOT:
    -> NMA Status: Test
    -> Chain Status: Nominal
    -> Chain ID: 1
    -> Reserved: 0
    -> DSM ID: 8
    -> DSM Block ID: 1
  -> MACK messages: 
    -> Tag_0: 0x44a2144adb
    -> MACSEQ: 100101011101
    -> Reserved: 0011
    -> Tag&Info
      -> Tag: 0xb03daef78d; Info: 0001001000000000
      -> Tag: 0x5709fc0541; Info: 0010000100000101
      -> Tag: 0xd1140b2f89; Info: 0000000111000011
      -> Tag: 0xc7e0e3d997; Info: 0001010100000011
      -> Tag: 0xc2e3689b3c; Info: 0000100111000010
    -> TESLA Key: 0x61e3c1bd5111f4d423df12f583a78d83,  verified
    -> Padding: 0000000000000000

--------------------

Key index: 57
CID: 1
KEY 056: ee1694fc392b0c9d6bb42e11ffe94fc949a61f6225d3964da3a2, 61e3c1bd5111f4d423df12f583a78d83 =? d499ade8332a073116f53228bf1ef684, WN: 1178, TOW: 401250
Chained reached a key that was verified; short-cutting
-> PRN: 1
  -> WN: 1178
  -> TOW: 401291
  -> TOW: WN: 1178, TOW: 401291
  -> HKROOT:
    -> NMA Status: Test
    -> Chain Status: Nominal
    -> Chain ID: 1
    -> Reserved: 0
    -> DSM ID: 8
    -> DSM Block ID: 2
  -> MACK messages: 
    -> Tag_0: 0xd73527b812
    -> MACSEQ: 010011011000
    -> Reserved: 0011
    -> Tag&Info
      -> Tag: 0xd3f0eef19a; Info: 0000010100000011
      -> Tag: 0xdc44328ff; Info: 1111111101000000
      -> Tag: 0xd727f05b3; Info: 0000110000000000
      -> Tag: 0x25138fef9b; Info: 0000000111000011
      -> Tag: 0x71ea0d2a10; Info: 0001001000000000
    -> TESLA Key: 0xee1694fc392b0c9d6bb42e11ffe94fc9,  verified
    -> Padding: 0000000000000000

--------------------

Key index: 58
CID: 1
KEY 057: 1c35568ca6113fccb78e2b0ba9cdf95549a61f8025d3964da3a2, ee1694fc392b0c9d6bb42e11ffe94fc9 =? d499ade8332a073116f53228bf1ef684, WN: 1178, TOW: 401280
Chained reached a key that was verified; short-cutting
-> PRN: 1
  -> WN: 1178
  -> TOW: 401321
  -> TOW: WN: 1178, TOW: 401321
  -> HKROOT:
    -> NMA Status: Test
    -> Chain Status: Nominal
    -> Chain ID: 1
    -> Reserved: 0
    -> DSM ID: 8
    -> DSM Block ID: 3
  -> MACK messages: 
    -> Tag_0: 0xccef1895c
    -> MACSEQ: 011100110110
    -> Reserved: 0011
    -> Tag&Info
      -> Tag: 0xc828c01149; Info: 0001001000000000
      -> Tag: 0x430efcc8f8; Info: 0010000100000101
      -> Tag: 0x18d96ee00c; Info: 0000000111000011
      -> Tag: 0xa83436346d; Info: 0001010100000011
      -> Tag: 0x36da1d0f09; Info: 0000100111000010
    -> TESLA Key: 0x1c35568ca6113fccb78e2b0ba9cdf955,  verified
    -> Padding: 0000000000000000

--------------------

Key index: 59
CID: 1
KEY 058: b9ff915514844142d5edc70821ed84d749a61f9e25d3964da3a2, 1c35568ca6113fccb78e2b0ba9cdf955 =? d499ade8332a073116f53228bf1ef684, WN: 1178, TOW: 401310
Chained reached a key that was verified; short-cutting
-> PRN: 1
  -> WN: 1178
  -> TOW: 401351
  -> TOW: WN: 1178, TOW: 401351
  -> HKROOT:
    -> NMA Status: Test
    -> Chain Status: Nominal
    -> Chain ID: 1
    -> Reserved: 0
    -> DSM ID: 8
    -> DSM Block ID: 4
  -> MACK messages: 
    -> Tag_0: 0xcba0630f81
    -> MACSEQ: 110110000010
    -> Reserved: 0011
    -> Tag&Info
      -> Tag: 0x4d26385220; Info: 0000010100000011
      -> Tag: 0x1d6bc8c590; Info: 1111111101000000
      -> Tag: 0x8338a8632f; Info: 0000110000000000
      -> Tag: 0x676c56063e; Info: 0000000111000011
      -> Tag: 0x4a22552289; Info: 0001001000000000
    -> TESLA Key: 0xb9ff915514844142d5edc70821ed84d7,  verified
    -> Padding: 0000000000000000

--------------------

Key index: 60
CID: 1
KEY 059: 023834ceadd83518b82ccc6a48babcb749a61fbc25d3964da3a2, b9ff915514844142d5edc70821ed84d7 =? d499ade8332a073116f53228bf1ef684, WN: 1178, TOW: 401340
Chained reached a key that was verified; short-cutting
-> PRN: 1
  -> WN: 1178
  -> TOW: 401381
  -> TOW: WN: 1178, TOW: 401381
  -> HKROOT:
    -> NMA Status: Test
    -> Chain Status: Nominal
    -> Chain ID: 1
    -> Reserved: 0
    -> DSM ID: 8
    -> DSM Block ID: 5
  -> MACK messages: 
    -> Tag_0: 0x22e7cbba17
    -> MACSEQ: 010001101001
    -> Reserved: 0011
    -> Tag&Info
      -> Tag: 0x32342ce184; Info: 0001001000000000
      -> Tag: 0xb6381581ad; Info: 0010000100000101
      -> Tag: 0x8ce5fd3354; Info: 0000000111000011
      -> Tag: 0x840670af57; Info: 0001010100000011
      -> Tag: 0x9aa105df44; Info: 0000100111000010
    -> TESLA Key: 0x23834ceadd83518b82ccc6a48babcb7,  verified
    -> Padding: 0000000000000000

--------------------

Key index: 61
CID: 1
KEY 060: 1394e81ffb821b7787845a7ca669dea549a61fda25d3964da3a2, 023834ceadd83518b82ccc6a48babcb7 =? d499ade8332a073116f53228bf1ef684, WN: 1178, TOW: 401370
Chained reached a key that was verified; short-cutting
-> PRN: 1
  -> WN: 1178
  -> TOW: 401411
  -> TOW: WN: 1178, TOW: 401411
  -> HKROOT:
    -> NMA Status: Test
    -> Chain Status: Nominal
    -> Chain ID: 1
    -> Reserved: 0
    -> DSM ID: 8
    -> DSM Block ID: 6
  -> MACK messages: 
    -> Tag_0: 0xa31fe74a8e
    -> MACSEQ: 001100000110
    -> Reserved: 0011
    -> Tag&Info
      -> Tag: 0xf5778ac6ef; Info: 0000010100000011
      -> Tag: 0xc58c562d6f; Info: 1111111101000000
      -> Tag: 0x5c8fdea0a9; Info: 0000110000000000
      -> Tag: 0xc30629a00f; Info: 0000000111000011
      -> Tag: 0x17430fdfc1; Info: 0001001000000000
    -> TESLA Key: 0x1394e81ffb821b7787845a7ca669dea5,  verified
    -> Padding: 0000000000000000

--------------------

Key index: 62
CID: 1
KEY 061: bd7941f5db9aa176a021a5dad8845b1549a61ff825d3964da3a2, 1394e81ffb821b7787845a7ca669dea5 =? d499ade8332a073116f53228bf1ef684, WN: 1178, TOW: 401400
Chained reached a key that was verified; short-cutting
-> PRN: 1
  -> WN: 1178
  -> TOW: 401441
  -> TOW: WN: 1178, TOW: 401441
  -> HKROOT:
    -> NMA Status: Test
    -> Chain Status: Nominal
    -> Chain ID: 1
    -> Reserved: 0
    -> DSM ID: 8
    -> DSM Block ID: 7
  -> MACK messages: 
    -> Tag_0: 0x734780023a
    -> MACSEQ: 110101001010
    -> Reserved: 0011
    -> Tag&Info
      -> Tag: 0xf9583207f3; Info: 0001001000000000
      -> Tag: 0x546d47dbda; Info: 0010000100000101
      -> Tag: 0x90695ccf87; Info: 0000000111000011
      -> Tag: 0xc568859d88; Info: 0001010100000011
      -> Tag: 0x4a20f681bf; Info: 0000100111000010
    -> TESLA Key: 0xbd7941f5db9aa176a021a5dad8845b15,  verified
    -> Padding: 0000000000000000

--------------------

Key index: 63
CID: 1
KEY 062: d1f86a1af10909054c15df2fc635a37949a6201625d3964da3a2, bd7941f5db9aa176a021a5dad8845b15 =? d499ade8332a073116f53228bf1ef684, WN: 1178, TOW: 401430
Chained reached a key that was verified; short-cutting
-> PRN: 1
  -> WN: 1178
  -> TOW: 401471
  -> TOW: WN: 1178, TOW: 401471
  -> HKROOT:
    -> NMA Status: Test
    -> Chain Status: Nominal
    -> Chain ID: 1
    -> Reserved: 0
    -> DSM ID: 8
    -> DSM Block ID: 0
    -> Nb. of Blocks (NB): 8
    -> Public Key ID (PKID): 2
    -> Chain ID of KROOT (CIDKR): 1
    -> Hash Function (HF): SHA-256
    -> MAC Function (MF): HMAC-SHA-256
    -> Key Size (KS): 128
    -> MAC Size (TS): 40
    -> MAC Look-up Table (MACLT): 33
    -> WNK: 1178
    -> TOWHK: 111
    -> TOWK: 399600
    -> GST_0: WN: 1178, TOW: 399600
    -> GST_SF_K: WN: 1178, TOW: 399570
    -> Alpha(random): 001001011101001110010110010011011010001110100010
  -> MACK messages: 
    -> Tag_0: 0xaa6079b3c9
    -> MACSEQ: 101011110110
    -> Reserved: 0011
    -> Tag&Info
      -> Tag: 0xe6eaaa97b; Info: 0000010100000011
      -> Tag: 0xfc8f034d73; Info: 1111111101000000
      -> Tag: 0xda1dd8e982; Info: 0000110000000000
      -> Tag: 0x9b6d1174de; Info: 0000000111000011
      -> Tag: 0xbae2105d4; Info: 0001001000000000
    -> TESLA Key: 0xd1f86a1af10909054c15df2fc635a379,  verified
    -> Padding: 0000000000000000

--------------------

Key index: 64
CID: 1
KEY 063: fca0ecf34174a2c3907747449a68949749a6203425d3964da3a2, d1f86a1af10909054c15df2fc635a379 =? d499ade8332a073116f53228bf1ef684, WN: 1178, TOW: 401460
Chained reached a key that was verified; short-cutting
-> PRN: 1
  -> WN: 1178
  -> TOW: 401501
  -> TOW: WN: 1178, TOW: 401501
  -> HKROOT:
    -> NMA Status: Test
    -> Chain Status: Nominal
    -> Chain ID: 1
    -> Reserved: 0
    -> DSM ID: 8
    -> DSM Block ID: 1
  -> MACK messages: 
    -> Tag_0: 0x6cbdba93f7
    -> MACSEQ: 011001101010
    -> Reserved: 1100
    -> Tag&Info
      -> Tag: 0xd0c96f86f1; Info: 0001001000000000
      -> Tag: 0x3511d6b654; Info: 0010000100000101
      -> Tag: 0x479dc01a70; Info: 0000000111001100
      -> Tag: 0x378d22b2c9; Info: 0001010100001100
      -> Tag: 0xc2c914fa7; Info: 0000100111000010
    -> TESLA Key: 0xfca0ecf34174a2c3907747449a689497,  verified
    -> Padding: 0000000000000000

--------------------

Key index: 65
CID: 1
KEY 064: f0b1ba9a2df1d0001c9a3000d07bb0fe49a6205225d3964da3a2, fca0ecf34174a2c3907747449a689497 =? d499ade8332a073116f53228bf1ef684, WN: 1178, TOW: 401490
Chained reached a key that was verified; short-cutting
-> PRN: 1
  -> WN: 1178
  -> TOW: 401531
  -> TOW: WN: 1178, TOW: 401531
  -> HKROOT:
    -> NMA Status: Test
    -> Chain Status: Nominal
    -> Chain ID: 1
    -> Reserved: 0
    -> DSM ID: 8
    -> DSM Block ID: 2
  -> MACK messages: 
    -> Tag_0: 0xf33be3014e
    -> MACSEQ: 001101001101
    -> Reserved: 0100
    -> Tag&Info
      -> Tag: 0x3c0b176986; Info: 0000010100000100
      -> Tag: 0x6813be3e3b; Info: 1111111101000000
      -> Tag: 0x298b679755; Info: 0000110000000000
      -> Tag: 0x5a3dd0c02b; Info: 0000000111000100
      -> Tag: 0x350aeb493a; Info: 0001001000000000
    -> TESLA Key: 0xf0b1ba9a2df1d0001c9a3000d07bb0fe,  verified
    -> Padding: 0000000000000000

--------------------

Key index: 66
CID: 1
KEY 065: 14df0bb1690c03dea8c79550032335ee49a6207025d3964da3a2, f0b1ba9a2df1d0001c9a3000d07bb0fe =? d499ade8332a073116f53228bf1ef684, WN: 1178, TOW: 401520
Chained reached a key that was verified; short-cutting
-> PRN: 1
  -> WN: 1178
  -> TOW: 401561
  -> TOW: WN: 1178, TOW: 401561
  -> HKROOT:
    -> NMA Status: Test
    -> Chain Status: Nominal
    -> Chain ID: 1
    -> Reserved: 0
    -> DSM ID: 8
    -> DSM Block ID: 3
  -> MACK messages: 
    -> Tag_0: 0x1fd827a842
    -> MACSEQ: 000100011101
    -> Reserved: 0100
    -> Tag&Info
      -> Tag: 0x55fa4c5b6; Info: 0001001000000000
      -> Tag: 0xb20c291330; Info: 0010000100000101
      -> Tag: 0x968075ff4e; Info: 0000000111000100
      -> Tag: 0xcf0a7c83c7; Info: 0001010100000100
      -> Tag: 0x7486b6e2b3; Info: 0000100111000010
    -> TESLA Key: 0x14df0bb1690c03dea8c79550032335ee,  verified
    -> Padding: 0000000000000000

--------------------

Key index: 54
CID: 1
KEY 053: fc97b6fd8fddeff394c1a1edb4f8823449a61f0825d3964da3a2, f85b25d820147d1cc5508480c6d524cc =? d499ade8332a073116f53228bf1ef684, WN: 1178, TOW: 401160
Chained reached a key that was verified; short-cutting
-> PRN: 31
  -> WN: 1178
  -> TOW: 401201
  -> TOW: WN: 1178, TOW: 401201
  -> HKROOT:
    -> NMA Status: Test
    -> Chain Status: Nominal
    -> Chain ID: 1
    -> Reserved: 0
    -> DSM ID: 7
    -> DSM Block ID: 5
  -> MACK messages: 
    -> Tag_0: 0xb623f7c570
    -> MACSEQ: 001110011010
    -> Reserved: 0011
    -> Tag&Info
      -> Tag: 0x2af5787cda; Info: 0001001000000000
      -> Tag: 0xb9c07f82b1; Info: 0000010100000011
      -> Tag: 0x244b215bc2; Info: 0001111111000011
      -> Tag: 0xd9e916aa10; Info: 0000100100000010
      -> Tag: 0x1d52cfe250; Info: 0010000111000101
    -> TESLA Key: 0xfc97b6fd8fddeff394c1a1edb4f88234,  verified
    -> Padding: 0000000000000000

--------------------

Key index: 55
CID: 1
KEY 054: cefd456b09344cc7481e26db4c84a66a49a61f2625d3964da3a2, fc97b6fd8fddeff394c1a1edb4f88234 =? d499ade8332a073116f53228bf1ef684, WN: 1178, TOW: 401190
Chained reached a key that was verified; short-cutting
-> PRN: 31
  -> WN: 1178
  -> TOW: 401231
  -> TOW: WN: 1178, TOW: 401231
  -> HKROOT:
    -> NMA Status: Test
    -> Chain Status: Nominal
    -> Chain ID: 1
    -> Reserved: 0
    -> DSM ID: 7
    -> DSM Block ID: 6
  -> MACK messages: 
    -> Tag_0: 0x1163710133
    -> MACSEQ: 111101110101
    -> Reserved: 0011
    -> Tag&Info
      -> Tag: 0x119348b89e; Info: 0000110000000000
      -> Tag: 0x673c913827; Info: 1111111101000000
      -> Tag: 0x61e379841a; Info: 0001010100000011
      -> Tag: 0xa3325e9be3; Info: 0001111111000011
      -> Tag: 0xd49f9b9aa8; Info: 0001001000000000
    -> TESLA Key: 0xcefd456b09344cc7481e26db4c84a66a,  verified
    -> Padding: 0000000000000000

--------------------

Key index: 56
CID: 1
KEY 055: 61e3c1bd5111f4d423df12f583a78d8349a61f4425d3964da3a2, cefd456b09344cc7481e26db4c84a66a =? d499ade8332a073116f53228bf1ef684, WN: 1178, TOW: 401220
Chained reached a key that was verified; short-cutting
-> PRN: 31
  -> WN: 1178
  -> TOW: 401261
  -> TOW: WN: 1178, TOW: 401261
  -> HKROOT:
    -> NMA Status: Test
    -> Chain Status: Nominal
    -> Chain ID: 1
    -> Reserved: 0
    -> DSM ID: 8
    -> DSM Block ID: 7
  -> MACK messages: 
    -> Tag_0: 0xd7e72cc25f
    -> MACSEQ: 011000100111
    -> Reserved: 0011
    -> Tag&Info
      -> Tag: 0x2cd5c464db; Info: 0001001000000000
      -> Tag: 0xec10d741c; Info: 0000010100000011
      -> Tag: 0x8abc5fe046; Info: 0001111111000011
      -> Tag: 0x250cc5920c; Info: 0000100100000010
      -> Tag: 0x40bdd3ae79; Info: 0010000111000101
    -> TESLA Key: 0x61e3c1bd5111f4d423df12f583a78d83,  verified
    -> Padding: 0000000000000000

--------------------

Key index: 57
CID: 1
KEY 056: ee1694fc392b0c9d6bb42e11ffe94fc949a61f6225d3964da3a2, 61e3c1bd5111f4d423df12f583a78d83 =? d499ade8332a073116f53228bf1ef684, WN: 1178, TOW: 401250
Chained reached a key that was verified; short-cutting
-> PRN: 31
  -> WN: 1178
  -> TOW: 401291
  -> TOW: WN: 1178, TOW: 401291
  -> HKROOT:
    -> NMA Status: Test
    -> Chain Status: Nominal
    -> Chain ID: 1
    -> Reserved: 0
    -> DSM ID: 8
    -> DSM Block ID: 0
    -> Nb. of Blocks (NB): 8
    -> Public Key ID (PKID): 2
    -> Chain ID of KROOT (CIDKR): 1
    -> Hash Function (HF): SHA-256
    -> MAC Function (MF): HMAC-SHA-256
    -> Key Size (KS): 128
    -> MAC Size (TS): 40
    -> MAC Look-up Table (MACLT): 33
    -> WNK: 1178
    -> TOWHK: 111
    -> TOWK: 399600
    -> GST_0: WN: 1178, TOW: 399600
    -> GST_SF_K: WN: 1178, TOW: 399570
    -> Alpha(random): 001001011101001110010110010011011010001110100010
  -> MACK messages: 
    -> Tag_0: 0x85c6984f32
    -> MACSEQ: 111010111011
    -> Reserved: 0011
    -> Tag&Info
      -> Tag: 0x1b9a0cb144; Info: 0000110000000000
      -> Tag: 0x8d4f150d29; Info: 1111111101000000
      -> Tag: 0x9e23ac924f; Info: 0001010100000011
      -> Tag: 0x26f2dc72f2; Info: 0001111111000011
      -> Tag: 0x515d29a292; Info: 0001001000000000
    -> TESLA Key: 0xee1694fc392b0c9d6bb42e11ffe94fc9,  verified
    -> Padding: 0000000000000000

--------------------

Key index: 58
CID: 1
KEY 057: 1c35568ca6113fccb78e2b0ba9cdf95549a61f8025d3964da3a2, ee1694fc392b0c9d6bb42e11ffe94fc9 =? d499ade8332a073116f53228bf1ef684, WN: 1178, TOW: 401280
Chained reached a key that was verified; short-cutting
-> PRN: 31
  -> WN: 1178
  -> TOW: 401321
  -> TOW: WN: 1178, TOW: 401321
  -> HKROOT:
    -> NMA Status: Test
    -> Chain Status: Nominal
    -> Chain ID: 1
    -> Reserved: 0
    -> DSM ID: 8
    -> DSM Block ID: 1
  -> MACK messages: 
    -> Tag_0: 0xe3ec5aa95
    -> MACSEQ: 001010011110
    -> Reserved: 0011
    -> Tag&Info
      -> Tag: 0x793737579d; Info: 0001001000000000
      -> Tag: 0x4abdbf2daf; Info: 0000010100000011
      -> Tag: 0x159565c4c8; Info: 0001111111000011
      -> Tag: 0xc2bb40605; Info: 0000100100000010
      -> Tag: 0x9f146b296b; Info: 0010000111000101
    -> TESLA Key: 0x1c35568ca6113fccb78e2b0ba9cdf955,  verified
    -> Padding: 0000000000000000

--------------------

Key index: 59
CID: 1
KEY 058: b9ff915514844142d5edc70821ed84d749a61f9e25d3964da3a2, 1c35568ca6113fccb78e2b0ba9cdf955 =? d499ade8332a073116f53228bf1ef684, WN: 1178, TOW: 401310
Chained reached a key that was verified; short-cutting
-> PRN: 31
  -> WN: 1178
  -> TOW: 401351
  -> TOW: WN: 1178, TOW: 401351
  -> HKROOT:
    -> NMA Status: Test
    -> Chain Status: Nominal
    -> Chain ID: 1
    -> Reserved: 0
    -> DSM ID: 8
    -> DSM Block ID: 2
  -> MACK messages: 
    -> Tag_0: 0x2bec5e51b1
    -> MACSEQ: 000010111100
    -> Reserved: 0011
    -> Tag&Info
      -> Tag: 0x621752f42a; Info: 0000110000000000
      -> Tag: 0xeda4f38803; Info: 1111111101000000
      -> Tag: 0x3fb161b18f; Info: 0001010100000011
      -> Tag: 0xe3e9fb4c23; Info: 0001111111000011
      -> Tag: 0xcb05ddbca6; Info: 0001001000000000
    -> TESLA Key: 0xb9ff915514844142d5edc70821ed84d7,  verified
    -> Padding: 0000000000000000

--------------------

Key index: 60
CID: 1
KEY 059: 023834ceadd83518b82ccc6a48babcb749a61fbc25d3964da3a2, b9ff915514844142d5edc70821ed84d7 =? d499ade8332a073116f53228bf1ef684, WN: 1178, TOW: 401340
Chained reached a key that was verified; short-cutting
-> PRN: 31
  -> WN: 1178
  -> TOW: 401381
  -> TOW: WN: 1178, TOW: 401381
  -> HKROOT:
    -> NMA Status: Test
    -> Chain Status: Nominal
    -> Chain ID: 1
    -> Reserved: 0
    -> DSM ID: 8
    -> DSM Block ID: 3
  -> MACK messages: 
    -> Tag_0: 0xa460691b64
    -> MACSEQ: 000100111001
    -> Reserved: 0011
    -> Tag&Info
      -> Tag: 0xda86c0038a; Info: 0001001000000000
      -> Tag: 0x5a30c5460; Info: 0000010100000011
      -> Tag: 0x10ca4d2b06; Info: 0001111111000011
      -> Tag: 0xced6aecc83; Info: 0000100100000010
      -> Tag: 0xe0872d3e77; Info: 0010000111000101
    -> TESLA Key: 0x23834ceadd83518b82ccc6a48babcb7,  verified
    -> Padding: 0000000000000000

--------------------

Key index: 61
CID: 1
KEY 060: 1394e81ffb821b7787845a7ca669dea549a61fda25d3964da3a2, 023834ceadd83518b82ccc6a48babcb7 =? d499ade8332a073116f53228bf1ef684, WN: 1178, TOW: 401370
Chained reached a key that was verified; short-cutting
-> PRN: 31
  -> WN: 1178
  -> TOW: 401411
  -> TOW: WN: 1178, TOW: 401411
  -> HKROOT:
    -> NMA Status: Test
    -> Chain Status: Nominal
    -> Chain ID: 1
    -> Reserved: 0
    -> DSM ID: 8
    -> DSM Block ID: 4
  -> MACK messages: 
    -> Tag_0: 0x4f3fea3593
    -> MACSEQ: 011001011010
    -> Reserved: 0011
    -> Tag&Info
      -> Tag: 0x9a88ceab16; Info: 0000110000000000
      -> Tag: 0xd77d86233d; Info: 1111111101000000
      -> Tag: 0x3cd934369; Info: 0001010100000011
      -> Tag: 0x149418d5fe; Info: 0001111111000011
      -> Tag: 0xfb92632a3e; Info: 0001001000000000
    -> TESLA Key: 0x1394e81ffb821b7787845a7ca669dea5,  verified
    -> Padding: 0000000000000000

--------------------

Key index: 62
CID: 1
KEY 061: bd7941f5db9aa176a021a5dad8845b1549a61ff825d3964da3a2, 1394e81ffb821b7787845a7ca669dea5 =? d499ade8332a073116f53228bf1ef684, WN: 1178, TOW: 401400
Chained reached a key that was verified; short-cutting
-> PRN: 31
  -> WN: 1178
  -> TOW: 401441
  -> TOW: WN: 1178, TOW: 401441
  -> HKROOT:
    -> NMA Status: Test
    -> Chain Status: Nominal
    -> Chain ID: 1
    -> Reserved: 0
    -> DSM ID: 8
    -> DSM Block ID: 5
  -> MACK messages: 
    -> Tag_0: 0x4fa06d04a6
    -> MACSEQ: 011001110110
    -> Reserved: 0011
    -> Tag&Info
      -> Tag: 0xd785d01fcb; Info: 0001001000000000
      -> Tag: 0x4f0df1b9d3; Info: 0000010100000011
      -> Tag: 0x8b83ca19f6; Info: 0001111111000011
      -> Tag: 0xe1edd6e5df; Info: 0000100100000010
      -> Tag: 0xa55ce8a952; Info: 0010000111000101
    -> TESLA Key: 0xbd7941f5db9aa176a021a5dad8845b15,  verified
    -> Padding: 0000000000000000

--------------------

Key index: 63
CID: 1
KEY 062: d1f86a1af10909054c15df2fc635a37949a6201625d3964da3a2, bd7941f5db9aa176a021a5dad8845b15 =? d499ade8332a073116f53228bf1ef684, WN: 1178, TOW: 401430
Chained reached a key that was verified; short-cutting
-> PRN: 31
  -> WN: 1178
  -> TOW: 401471
  -> TOW: WN: 1178, TOW: 401471
  -> HKROOT:
    -> NMA Status: Test
    -> Chain Status: Nominal
    -> Chain ID: 1
    -> Reserved: 0
    -> DSM ID: 8
    -> DSM Block ID: 6
  -> MACK messages: 
    -> Tag_0: 0x94ac1cab4f
    -> MACSEQ: 111000110100
    -> Reserved: 0011
    -> Tag&Info
      -> Tag: 0xc14771afc7; Info: 0000110000000000
      -> Tag: 0xfbc96dad40; Info: 1111111101000000
      -> Tag: 0x83e07f9d46; Info: 0001010100000011
      -> Tag: 0xc87299562; Info: 0001111111000011
      -> Tag: 0xfcc8375799; Info: 0001001000000000
    -> TESLA Key: 0xd1f86a1af10909054c15df2fc635a379,  verified
    -> Padding: 0000000000000000

--------------------

Key index: 64
CID: 1
KEY 063: fca0ecf34174a2c3907747449a68949749a6203425d3964da3a2, d1f86a1af10909054c15df2fc635a379 =? d499ade8332a073116f53228bf1ef684, WN: 1178, TOW: 401460
Chained reached a key that was verified; short-cutting
-> PRN: 31
  -> WN: 1178
  -> TOW: 401501
  -> TOW: WN: 1178, TOW: 401501
  -> HKROOT:
    -> NMA Status: Test
    -> Chain Status: Nominal
    -> Chain ID: 1
    -> Reserved: 0
    -> DSM ID: 8
    -> DSM Block ID: 7
  -> MACK messages: 
    -> Tag_0: 0xcb4102b3de
    -> MACSEQ: 110111011111
    -> Reserved: 1100
    -> Tag&Info
      -> Tag: 0x31dcdcb7a0; Info: 0001001000000000
      -> Tag: 0x6e680c123c; Info: 0000010100001100
      -> Tag: 0x2f5df6cbe; Info: 0001111111001100
      -> Tag: 0x47ea544a96; Info: 0000100100000010
      -> Tag: 0xa92f03c058; Info: 0010000111000101
    -> TESLA Key: 0xfca0ecf34174a2c3907747449a689497,  verified
    -> Padding: 0000000000000000

--------------------

Key index: 65
CID: 1
KEY 064: f0b1ba9a2df1d0001c9a3000d07bb0fe49a6205225d3964da3a2, fca0ecf34174a2c3907747449a689497 =? d499ade8332a073116f53228bf1ef684, WN: 1178, TOW: 401490
Chained reached a key that was verified; short-cutting
-> PRN: 31
  -> WN: 1178
  -> TOW: 401531
  -> TOW: WN: 1178, TOW: 401531
  -> HKROOT:
    -> NMA Status: Test
    -> Chain Status: Nominal
    -> Chain ID: 1
    -> Reserved: 0
    -> DSM ID: 8
    -> DSM Block ID: 0
    -> Nb. of Blocks (NB): 8
    -> Public Key ID (PKID): 2
    -> Chain ID of KROOT (CIDKR): 1
    -> Hash Function (HF): SHA-256
    -> MAC Function (MF): HMAC-SHA-256
    -> Key Size (KS): 128
    -> MAC Size (TS): 40
    -> MAC Look-up Table (MACLT): 33
    -> WNK: 1178
    -> TOWHK: 111
    -> TOWK: 399600
    -> GST_0: WN: 1178, TOW: 399600
    -> GST_SF_K: WN: 1178, TOW: 399570
    -> Alpha(random): 001001011101001110010110010011011010001110100010
  -> MACK messages: 
    -> Tag_0: 0x2ad312b18d
    -> MACSEQ: 010001011100
    -> Reserved: 0100
    -> Tag&Info
      -> Tag: 0xb4687f85e; Info: 0000110000000000
      -> Tag: 0x3c0be81bad; Info: 1111111101000000
      -> Tag: 0x3c1beaee80; Info: 0001010100000100
      -> Tag: 0xd512ba7843; Info: 0001111111000100
      -> Tag: 0x1108896307; Info: 0001001000000000
    -> TESLA Key: 0xf0b1ba9a2df1d0001c9a3000d07bb0fe,  verified
    -> Padding: 0000000000000000

--------------------

Key index: 66
CID: 1
KEY 065: 14df0bb1690c03dea8c79550032335ee49a6207025d3964da3a2, f0b1ba9a2df1d0001c9a3000d07bb0fe =? d499ade8332a073116f53228bf1ef684, WN: 1178, TOW: 401520
Chained reached a key that was verified; short-cutting
-> PRN: 31
  -> WN: 1178
  -> TOW: 401561
  -> TOW: WN: 1178, TOW: 401561
  -> HKROOT:
    -> NMA Status: Test
    -> Chain Status: Nominal
    -> Chain ID: 1
    -> Reserved: 0
    -> DSM ID: 8
    -> DSM Block ID: 1
  -> MACK messages: 
    -> Tag_0: 0xa644dfa121
    -> MACSEQ: 100101111101
    -> Reserved: 0100
    -> Tag&Info
      -> Tag: 0xf1aaf0dbae; Info: 0001001000000000
      -> Tag: 0x5ca89cea0d; Info: 0000010100000100
      -> Tag: 0x244ec99869; Info: 0001111111000100
      -> Tag: 0x38535205e3; Info: 0000100100000010
      -> Tag: 0x386630c95a; Info: 0010000111000101
    -> TESLA Key: 0x14df0bb1690c03dea8c79550032335ee,  verified
    -> Padding: 0000000000000000

--------------------

TESLA Key Verification Test:

Every key derived correctly? True

--------------------

MAC Look-up Table Verification:

--------------------

MACSEQ Verification:

--------------------

Tag Verification:
